<?xml version="1.0" encoding="UTF-8"?>
<testsuite name="tests.WebQuizEngineTest" tests="1" skipped="0" failures="0" errors="0" timestamp="2020-07-16T14:02:18" hostname="DESKTOP-C4L79VG" time="3.323">
  <properties/>
  <testcase name="start" classname="tests.WebQuizEngineTest" time="3.323"/>
  <system-out><![CDATA[?[1;31m
Start test 1?[0m

  .   ____          _            __ _ _
 /\\ / ___'_ __ _ _(_)_ __  __ _ \ \ \ \
( ( )\___ | '_ | '_| | '_ \/ _` | \ \ \ \
 \\/  ___)| |_)| | | | | || (_| |  ) ) ) )
  '  |____| .__|_| |_|_| |_\__, | / / / /
 =========|_|==============|___/=/_/_/_/
 :: Spring Boot ::        (v2.2.2.RELEASE)

2020-07-16 19:02:19.227  INFO 14836 --- [    Test worker] engine.WebQuizEngine                     : Starting WebQuizEngine on DESKTOP-C4L79VG with PID 14836 (started by Alexy in C:\Users\Alexy\IdeaProjects\Web Quiz Engine\Web Quiz Engine\task)
2020-07-16 19:02:19.230  INFO 14836 --- [    Test worker] engine.WebQuizEngine                     : No active profile set, falling back to default profiles: default
2020-07-16 19:02:20.558  INFO 14836 --- [    Test worker] o.s.b.w.embedded.tomcat.TomcatWebServer  : Tomcat initialized with port(s): 8889 (http)
2020-07-16 19:02:20.571  INFO 14836 --- [    Test worker] o.apache.catalina.core.StandardService   : Starting service [Tomcat]
2020-07-16 19:02:20.572  INFO 14836 --- [    Test worker] org.apache.catalina.core.StandardEngine  : Starting Servlet engine: [Apache Tomcat/9.0.29]
2020-07-16 19:02:20.693  INFO 14836 --- [    Test worker] o.a.c.c.C.[Tomcat].[localhost].[/]       : Initializing Spring embedded WebApplicationContext
2020-07-16 19:02:20.694  INFO 14836 --- [    Test worker] o.s.web.context.ContextLoader            : Root WebApplicationContext: initialization completed in 1413 ms
2020-07-16 19:02:21.123  INFO 14836 --- [    Test worker] o.s.s.concurrent.ThreadPoolTaskExecutor  : Initializing ExecutorService 'applicationTaskExecutor'
2020-07-16 19:02:21.352  INFO 14836 --- [    Test worker] o.s.b.a.e.web.EndpointLinksResolver      : Exposing 14 endpoint(s) beneath base path '/actuator'
2020-07-16 19:02:21.405  INFO 14836 --- [    Test worker] o.s.b.w.embedded.tomcat.TomcatWebServer  : Tomcat started on port(s): 8889 (http) with context path ''
2020-07-16 19:02:21.409  INFO 14836 --- [    Test worker] engine.WebQuizEngine                     : Started WebQuizEngine in 2.605 seconds (JVM running for 3.39)
2020-07-16 19:02:21.744  INFO 14836 --- [nio-8889-exec-1] o.a.c.c.C.[Tomcat].[localhost].[/]       : Initializing Spring DispatcherServlet 'dispatcherServlet'
2020-07-16 19:02:21.745  INFO 14836 --- [nio-8889-exec-1] o.s.web.servlet.DispatcherServlet        : Initializing Servlet 'dispatcherServlet'
2020-07-16 19:02:21.757  INFO 14836 --- [nio-8889-exec-1] o.s.web.servlet.DispatcherServlet        : Completed initialization in 11 ms
?[1;31m
Start test 2?[0m
?[1;31m
Start test 3?[0m
]]></system-out>
  <system-err><![CDATA[]]></system-err>
</testsuite>
